? update.out
cvs update: Updating .
M BASE-VERSION
M VERSION
cvs update: Updating AllinOne
cvs update: Updating adc
cvs update: Updating allinone
cvs update: Updating aodv
cvs update: Updating aomdv
cvs update: Updating apps
cvs update: Updating asim
cvs update: Updating baytcp
cvs update: Updating bin
cvs update: Updating bin/NS
cvs update: Updating bitmap
cvs update: Updating classifier
cvs update: Updating common
cvs update: Updating conf
cvs update: Updating delaybox
cvs update: Updating diffserv
cvs update: Updating diffusion
cvs update: Updating diffusion3
cvs update: Updating diffusion3/apps
cvs update: Updating diffusion3/apps/agents
cvs update: Updating diffusion3/apps/gear
cvs update: Updating diffusion3/apps/gear_examples
cvs update: Updating diffusion3/apps/ping
cvs update: Updating diffusion3/apps/pingapp
cvs update: Updating diffusion3/apps/rmst_examples
cvs update: Updating diffusion3/apps/sysapps
cvs update: Updating diffusion3/apps/sysfilters
cvs update: Updating diffusion3/diffusion
cvs update: Updating diffusion3/filter_core
cvs update: Updating diffusion3/filters
cvs update: Updating diffusion3/filters/diffusion
cvs update: Updating diffusion3/filters/gear
cvs update: Updating diffusion3/filters/misc
cvs update: Updating diffusion3/filters/rmst
cvs update: Updating diffusion3/lib
cvs update: Updating diffusion3/lib/drivers
cvs update: Updating diffusion3/lib/main
cvs update: Updating diffusion3/lib/nr
cvs update: Updating diffusion3/main
cvs update: Updating diffusion3/main/drivers
cvs update: Updating diffusion3/nr
cvs update: Updating diffusion3/ns
cvs update: Updating doc
cvs update: Updating doc/figures
cvs update: Updating doc/kannan
cvs update: Updating doc/kannan/figures
cvs update: Updating doc/kannan/sl-figures
cvs update: Updating doc/kfall
cvs update: Updating doc/kkumar
cvs update: Updating doc/polly
cvs update: Updating dsdv
cvs update: Updating dsr
cvs update: Updating empweb
cvs update: Updating empweb/UNCscripts
cvs update: Updating empweb/newScripts
cvs update: Updating empweb/scripts
cvs update: Updating emulate
cvs update: Updating emulate/support
cvs update: Updating emulate/support/src
cvs update: Updating emulate/support/src/nrgarp
cvs update: Updating gaf
cvs update: Updating html
cvs update: Updating imep
cvs update: Updating indep-utils
cvs update: Updating indep-utils/cmu-scen-gen
cvs update: Updating indep-utils/cmu-scen-gen/setdest
cvs update: Updating indep-utils/dosdbell
cvs update: Updating indep-utils/dosreduce
cvs update: Updating indep-utils/model-gen
cvs update: Updating indep-utils/propagation
cvs update: Updating indep-utils/shadowing
cvs update: Updating indep-utils/spectrum-0.1
cvs update: Updating indep-utils/webtrace-conv
cvs update: Updating indep-utils/webtrace-conv/dec
cvs update: Updating indep-utils/webtrace-conv/epa
cvs update: Updating indep-utils/webtrace-conv/nlanr
cvs update: Updating indep-utils/webtrace-conv/ucb
cvs update: Updating lib
cvs update: Updating link
cvs update: Updating linkstate
cvs update: Updating mac
cvs update: Updating mcast
cvs update: Updating mobile
cvs update: Updating mpls
cvs update: Updating nam
cvs update: Updating nix
cvs update: Updating packmime
cvs update: Updating pgm
cvs update: Updating plm
cvs update: Updating pushback
cvs update: Updating qs
cvs update: Updating queue
cvs update: Updating rap
cvs update: Updating realaudio
cvs update: Updating routealgo
cvs update: Updating routing
cvs update: Updating rtproto
cvs update: Updating satellite
cvs update: Updating sctp
cvs update: Updating sensor-nets
cvs update: Updating src_rtg
cvs update: Updating tcl
cvs update: Updating tcl/ctr-mcast
cvs update: Updating tcl/delaybox
cvs update: Updating tcl/edu
cvs update: Updating tcl/edu/chan-interference
cvs update: Updating tcl/edu/hidden-terminal
cvs update: Updating tcl/edu/rts-cts
cvs update: Updating tcl/emulate
cvs update: Updating tcl/ex
cvs update: Updating tcl/ex/802.11
cvs update: Updating tcl/ex/BST
cvs update: Updating tcl/ex/PIdemo
cvs update: Updating tcl/ex/asym
cvs update: Updating tcl/ex/delaybox
cvs update: Updating tcl/ex/diffserv
cvs update: Updating tcl/ex/diffusion3
cvs update: Updating tcl/ex/empweb
cvs update: Updating tcl/ex/empweb/cdf
cvs update: Updating tcl/ex/empweb/simple
cvs update: Updating tcl/ex/empweb/simple/cdf
cvs update: Updating tcl/ex/hdlc
cvs update: Updating tcl/ex/jobs
cvs update: Updating tcl/ex/jobs/jobs-cn2002
cvs update: Updating tcl/ex/jobs/jobs-lossdel
cvs update: Updating tcl/ex/newmcast
cvs update: Updating tcl/ex/packmime
cvs update: Updating tcl/ex/pgm
cvs update: Updating tcl/ex/pi
cvs update: Updating tcl/ex/realaudio
cvs update: Updating tcl/ex/red-pd
cvs update: Updating tcl/ex/red-pd/PIdent
cvs update: Updating tcl/ex/red-pd/allTCP
cvs update: Updating tcl/ex/red-pd/allUDP
cvs update: Updating tcl/ex/red-pd/mix
cvs update: Updating tcl/ex/red-pd/multi
cvs update: Updating tcl/ex/red-pd/pktsVsBytes
cvs update: Updating tcl/ex/red-pd/response
cvs update: Updating tcl/ex/red-pd/singleVsMulti
cvs update: Updating tcl/ex/red-pd/testFRp
cvs update: Updating tcl/ex/red-pd/testFRp_tcp
cvs update: Updating tcl/ex/red-pd/tfrc
cvs update: Updating tcl/ex/red-pd/varying
cvs update: Updating tcl/ex/red-pd/web
cvs update: Updating tcl/ex/scuba
cvs update: Updating tcl/ex/scuba/complete
cvs update: Updating tcl/ex/scuba/noscuba-equal
cvs update: Updating tcl/ex/scuba/noscuba-sat
cvs update: Updating tcl/ex/scuba/simple
cvs update: Updating tcl/ex/snoop
cvs update: Updating tcl/ex/tcp-fs
cvs update: Updating tcl/ex/tcp-linux
cvs update: Updating tcl/ex/tmix
cvs update: Updating tcl/ex/wireless-links
cvs update: Updating tcl/ex/wireless-scripts
cvs update: Updating tcl/ex/wpan
cvs update: Updating tcl/ex/xcp
cvs update: Updating tcl/ex/xcp/parking_lot_topo
cvs update: Updating tcl/ex/xcp/parking_lot_topo/TR
cvs update: Updating tcl/ex/xcp/parking_lot_topo/out
cvs update: Updating tcl/http
cvs update: Updating tcl/http/data
cvs update: Updating tcl/interface
cvs update: Updating tcl/lan
cvs update: Updating tcl/lib
cvs update: Updating tcl/mcast
cvs update: Updating tcl/mobility
cvs update: Updating tcl/mobility/scene
cvs update: Updating tcl/mpls
cvs update: Updating tcl/nam-demo
cvs update: Updating tcl/old
cvs update: Updating tcl/packmime
cvs update: Updating tcl/pgm
cvs update: Updating tcl/pim
cvs update: Updating tcl/plm
cvs update: Updating tcl/red-pd
cvs update: Updating tcl/red-pd/ex
cvs update: Updating tcl/rlm
cvs update: Updating tcl/rtglib
cvs update: Updating tcl/rtmechanisms
cvs update: Updating tcl/rtp
cvs update: Updating tcl/scenario-generation
cvs update: Updating tcl/scenario-generation/scen-lib
cvs update: Updating tcl/session
cvs update: Updating tcl/test
cvs update: Updating tcl/test/test-ouput-monitor
cvs update: Updating tcl/test/test-output-LimTransmit
cvs update: Updating tcl/test/test-output-WLtutorial
cvs update: Updating tcl/test/test-output-adaptive-red
cvs update: Updating tcl/test/test-output-aimd
cvs update: Updating tcl/test/test-output-algo-routing
cvs update: Updating tcl/test/test-output-broken
cvs update: Updating tcl/test/test-output-cbq
cvs update: Updating tcl/test/test-output-cbq-v1
cvs update: Updating tcl/test/test-output-delaybox
cvs update: Updating tcl/test/test-output-diffserv
cvs update: Updating tcl/test/test-output-diffusion3
cvs update: Updating tcl/test/test-output-ecn
cvs update: Updating tcl/test/test-output-ecn-ack
cvs update: Updating tcl/test/test-output-ecn-full
cvs update: Updating tcl/test/test-output-energy
cvs update: Updating tcl/test/test-output-examples
cvs update: Updating tcl/test/test-output-friendly
cvs update: Updating tcl/test/test-output-frto
cvs update: Updating tcl/test/test-output-full
cvs update: Updating tcl/test/test-output-full-fixes
cvs update: Updating tcl/test/test-output-gk
cvs update: Updating tcl/test/test-output-greis
cvs update: Updating tcl/test/test-output-hier-routing
cvs update: Updating tcl/test/test-output-intserv
cvs update: Updating tcl/test/test-output-jobs
cvs update: Updating tcl/test/test-output-lan
cvs update: Updating tcl/test/test-output-links
cvs update: Updating tcl/test/test-output-linkstate
cvs update: Updating tcl/test/test-output-manual-routing
cvs update: Updating tcl/test/test-output-mcache
cvs update: Updating tcl/test/test-output-mcast
cvs update: Updating tcl/test/test-output-message
cvs update: Updating tcl/test/test-output-mip
cvs update: Updating tcl/test/test-output-misc
cvs update: Updating tcl/test/test-output-mixmode
cvs update: Updating tcl/test/test-output-monitor
cvs update: Updating tcl/test/test-output-mpls
cvs update: Updating tcl/test/test-output-newreno
cvs update: Updating tcl/test/test-output-nixvec
cvs update: Updating tcl/test/test-output-oddBehaviors
cvs update: Updating tcl/test/test-output-packmime
cvs update: Updating tcl/test/test-output-pi
cvs update: Updating tcl/test/test-output-plm
cvs update: Updating tcl/test/test-output-pushback
cvs update: Updating tcl/test/test-output-quickstart
cvs update: Updating tcl/test/test-output-quiescent
cvs update: Updating tcl/test/test-output-rap
cvs update: Updating tcl/test/test-output-rbp
cvs update: Updating tcl/test/test-output-realaudio
cvs update: Updating tcl/test/test-output-red
cvs update: Updating tcl/test/test-output-red-pd
cvs update: Updating tcl/test/test-output-red-v1
cvs update: Updating tcl/test/test-output-rem
cvs update: Updating tcl/test/test-output-rfc2001
cvs update: Updating tcl/test/test-output-rfc2581
cvs update: Updating tcl/test/test-output-rfc793edu
cvs update: Updating tcl/test/test-output-rio
cvs update: Updating tcl/test/test-output-rng
cvs update: Updating tcl/test/test-output-sack
cvs update: Updating tcl/test/test-output-sack-full
cvs update: Updating tcl/test/test-output-sack-v1
cvs update: Updating tcl/test/test-output-satellite
cvs update: Updating tcl/test/test-output-schedule
cvs update: Updating tcl/test/test-output-sctp
cvs update: Updating tcl/test/test-output-session
cvs update: Updating tcl/test/test-output-simple
cvs update: Updating tcl/test/test-output-simple-full
cvs update: Updating tcl/test/test-output-simultaneous
cvs update: Updating tcl/test/test-output-sliding-window
cvs update: Updating tcl/test/test-output-smac
cvs update: Updating tcl/test/test-output-smac-multihop
cvs update: Updating tcl/test/test-output-snoop
cvs update: Updating tcl/test/test-output-source-routing
cvs update: Updating tcl/test/test-output-srm
cvs update: Updating tcl/test/test-output-tagged-trace
cvs update: Updating tcl/test/test-output-tcp
cvs update: Updating tcl/test/test-output-tcp-init-win
cvs update: Updating tcl/test/test-output-tcp-init-win-full
cvs update: Updating tcl/test/test-output-tcpHighspeed
cvs update: Updating tcl/test/test-output-tcpLinux
cvs update: Updating tcl/test/test-output-tcpOptions
cvs update: Updating tcl/test/test-output-tcpReset
cvs update: Updating tcl/test/test-output-tcpVariants
cvs update: Updating tcl/test/test-output-testReno
cvs update: Updating tcl/test/test-output-testReno-bayfull
cvs update: Updating tcl/test/test-output-testReno-full
cvs update: Updating tcl/test/test-output-tmix
cvs update: Updating tcl/test/test-output-v1
cvs update: Updating tcl/test/test-output-vc
cvs update: Updating tcl/test/test-output-vegas-v1
cvs update: Updating tcl/test/test-output-vq
cvs update: Updating tcl/test/test-output-webcache
cvs update: Updating tcl/test/test-output-webtraf
cvs update: Updating tcl/test/test-output-wireless-diffusion
cvs update: Updating tcl/test/test-output-wireless-gridkeeper
cvs update: Updating tcl/test/test-output-wireless-infra
cvs update: Updating tcl/test/test-output-wireless-lan
cvs update: Updating tcl/test/test-output-wireless-lan-newnode-80211Ext
cvs update: Updating tcl/test/test-output-wireless-shadowing
cvs update: Updating tcl/test/test-output-wireless-tdma
cvs update: Updating tcl/test/test-output-wpan
cvs update: Updating tcl/test/test-output-xcp
cvs update: Updating tcl/tmix
cvs update: Updating tcl/webcache
cvs update: Updating tcp
cvs update: Updating tcp/linux
cvs update: Updating tcp/linux/src
cvs update: Updating test-output
cvs update: Updating tmix
cvs update: Updating tools
cvs update: Updating tora
cvs update: Updating trace
cvs update: Updating webcache
cvs update: Updating wpan
cvs update: Updating xcp
